{"level":"\u001b[32minfo\u001b[39m","message":"\u001b[32mServer started successfully\u001b[39m","meta":{"environment":"production","port":3000,"timestamp":"2025-05-23T11:03:42.424Z"},"timestamp":"2025-05-23 16:33:42:3342"}
{"level":"\u001b[32minfo\u001b[39m","message":"\u001b[32mDatabase connected successfully\u001b[39m","meta":{"message":"succesfully connected to db"},"timestamp":"2025-05-23 16:33:42:3342"}
{"level":"\u001b[32minfo\u001b[39m","message":"\u001b[32mServer started successfully\u001b[39m","meta":{"environment":"production","port":3000,"timestamp":"2025-05-23T11:03:45.139Z"},"timestamp":"2025-05-23 16:33:45:3345"}
{"level":"\u001b[32minfo\u001b[39m","message":"\u001b[32mDatabase connected successfully\u001b[39m","meta":{"message":"succesfully connected to db"},"timestamp":"2025-05-23 16:33:45:3345"}
{"level":"\u001b[32minfo\u001b[39m","message":"\u001b[32mReceived SIGINT. Graceful shutdown initiated.\u001b[39m","meta":{},"timestamp":"2025-05-23 16:33:47:3347"}
{"level":"\u001b[32minfo\u001b[39m","message":"\u001b[32mServer started successfully\u001b[39m","meta":{"environment":"production","port":3000,"timestamp":"2025-05-23T11:03:50.093Z"},"timestamp":"2025-05-23 16:33:50:3350"}
{"level":"\u001b[32minfo\u001b[39m","message":"\u001b[32mDatabase connected successfully\u001b[39m","meta":{"message":"succesfully connected to db"},"timestamp":"2025-05-23 16:33:50:3350"}
{"level":"\u001b[33mwarn\u001b[39m","message":"\u001b[33mFailed login attempt\u001b[39m","meta":{"email":"user@gmail.com","ip":"::1","userAgent":"Mozilla/5.0 (Windows NT 10.0; Win64; x64) AppleWebKit/537.36 (KHTML, like Gecko) Chrome/136.0.0.0 Safari/537.36"},"timestamp":"2025-05-23 16:34:11:3411"}
{"level":"\u001b[31merror\u001b[39m","message":"\u001b[31mLogin failed\u001b[39m","meta":{"email":"user@gmail.com","error":"Invalid email or password","ip":"::1"},"timestamp":"2025-05-23 16:34:11:3411"}
{"level":"\u001b[32minfo\u001b[39m","message":"\u001b[32mSuccessful login\u001b[39m","meta":{"email":"user@gmail.com","ip":"::1","userAgent":"Mozilla/5.0 (Windows NT 10.0; Win64; x64) AppleWebKit/537.36 (KHTML, like Gecko) Chrome/136.0.0.0 Safari/537.36","userId":"681f415d3b428c8771e7ca6c"},"timestamp":"2025-05-23 16:34:29:3429"}
{"level":"\u001b[31merror\u001b[39m","message":"\u001b[31mPassword reset request failed\u001b[39m","meta":{"email":"codesharad@gmail.com","error":"No user found with that email address","ip":"::1"},"timestamp":"2025-05-23 16:35:19:3519"}
{"level":"\u001b[32minfo\u001b[39m","message":"\u001b[32mSuccessful login\u001b[39m","meta":{"email":"admin@gmail.com","ip":"::1","userAgent":"Mozilla/5.0 (Windows NT 10.0; Win64; x64) AppleWebKit/537.36 (KHTML, like Gecko) Chrome/136.0.0.0 Safari/537.36","userId":"681f415d3b428c8771e7ca6b"},"timestamp":"2025-05-23 16:35:32:3532"}
{"level":"\u001b[32minfo\u001b[39m","message":"\u001b[32mServer started successfully\u001b[39m","meta":{"environment":"production","port":3000,"timestamp":"2025-05-23T11:20:03.505Z"},"timestamp":"2025-05-23 16:50:03:503"}
{"level":"\u001b[32minfo\u001b[39m","message":"\u001b[32mDatabase connected successfully\u001b[39m","meta":{"message":"succesfully connected to db"},"timestamp":"2025-05-23 16:50:03:503"}
{"level":"\u001b[32minfo\u001b[39m","message":"\u001b[32mServer started successfully\u001b[39m","meta":{"environment":"production","port":3000,"timestamp":"2025-05-23T11:20:06.466Z"},"timestamp":"2025-05-23 16:50:06:506"}
{"level":"\u001b[32minfo\u001b[39m","message":"\u001b[32mDatabase connected successfully\u001b[39m","meta":{"message":"succesfully connected to db"},"timestamp":"2025-05-23 16:50:06:506"}
{"level":"\u001b[32minfo\u001b[39m","message":"\u001b[32mServer started successfully\u001b[39m","meta":{"environment":"production","port":3000,"timestamp":"2025-05-23T11:22:36.717Z"},"timestamp":"2025-05-23 16:52:36:5236"}
{"level":"\u001b[32minfo\u001b[39m","message":"\u001b[32mDatabase connected successfully\u001b[39m","meta":{"message":"succesfully connected to db"},"timestamp":"2025-05-23 16:52:36:5236"}
{"level":"\u001b[31merror\u001b[39m","message":"\u001b[31mAuthentication failed\u001b[39m","meta":{"error":"jwt expired","ip":"::1","path":"/create-user","userAgent":"Mozilla/5.0 (Windows NT 10.0; Win64; x64) AppleWebKit/537.36 (KHTML, like Gecko) Chrome/136.0.0.0 Safari/537.36"},"timestamp":"2025-05-23 16:52:44:5244"}
{"level":"\u001b[31merror\u001b[39m","message":"\u001b[31mFailed to send email\u001b[39m","meta":{"error":"getaddrinfo ENOTFOUND smtp.gmail.email","subject":"Please verify your email address","to":"codesharad@gmail.com"},"timestamp":"2025-05-23 16:52:45:5245"}
{"level":"\u001b[31merror\u001b[39m","message":"\u001b[31mRegistration failed\u001b[39m","meta":{"email":"codesharad@gmail.com","error":"Email could not be sent","ip":"::1"},"timestamp":"2025-05-23 16:52:45:5245"}
{"level":"\u001b[32minfo\u001b[39m","message":"\u001b[32mServer started successfully\u001b[39m","meta":{"environment":"production","port":3000,"timestamp":"2025-05-23T11:23:59.847Z"},"timestamp":"2025-05-23 16:53:59:5359"}
{"level":"\u001b[32minfo\u001b[39m","message":"\u001b[32mDatabase connected successfully\u001b[39m","meta":{"message":"succesfully connected to db"},"timestamp":"2025-05-23 16:53:59:5359"}
{"level":"\u001b[32minfo\u001b[39m","message":"\u001b[32mServer started successfully\u001b[39m","meta":{"environment":"production","port":3000,"timestamp":"2025-05-23T11:24:01.234Z"},"timestamp":"2025-05-23 16:54:01:541"}
{"level":"\u001b[32minfo\u001b[39m","message":"\u001b[32mDatabase connected successfully\u001b[39m","meta":{"message":"succesfully connected to db"},"timestamp":"2025-05-23 16:54:01:541"}
{"level":"\u001b[33mwarn\u001b[39m","message":"\u001b[33mFailed login attempt\u001b[39m","meta":{"email":"codesharad@gmail.com","ip":"::1","userAgent":"Mozilla/5.0 (Windows NT 10.0; Win64; x64) AppleWebKit/537.36 (KHTML, like Gecko) Chrome/136.0.0.0 Safari/537.36"},"timestamp":"2025-05-23 16:55:05:555"}
{"level":"\u001b[31merror\u001b[39m","message":"\u001b[31mLogin failed\u001b[39m","meta":{"email":"codesharad@gmail.com","error":"Invalid email or password","ip":"::1"},"timestamp":"2025-05-23 16:55:05:555"}
{"level":"\u001b[33mwarn\u001b[39m","message":"\u001b[33mFailed login attempt\u001b[39m","meta":{"email":"codesharad@gmail.com","ip":"::1","userAgent":"Mozilla/5.0 (Windows NT 10.0; Win64; x64) AppleWebKit/537.36 (KHTML, like Gecko) Chrome/136.0.0.0 Safari/537.36"},"timestamp":"2025-05-23 16:55:40:5540"}
{"level":"\u001b[31merror\u001b[39m","message":"\u001b[31mLogin failed\u001b[39m","meta":{"email":"codesharad@gmail.com","error":"Invalid email or password","ip":"::1"},"timestamp":"2025-05-23 16:55:40:5540"}
{"level":"\u001b[31merror\u001b[39m","message":"\u001b[31mRegistration failed\u001b[39m","meta":{"email":"codesharad@gmail.com","error":"User with this email already exists","ip":"::1"},"timestamp":"2025-05-23 16:55:50:5550"}
{"level":"\u001b[31merror\u001b[39m","message":"\u001b[31mFailed to send email\u001b[39m","meta":{"error":"getaddrinfo ENOTFOUND smtp.gmail.email","subject":"Password Reset Request","to":"codesharad@gmail.com"},"timestamp":"2025-05-23 16:56:08:568"}
{"level":"\u001b[31merror\u001b[39m","message":"\u001b[31mPassword reset request failed\u001b[39m","meta":{"email":"codesharad@gmail.com","error":"Email could not be sent","ip":"::1"},"timestamp":"2025-05-23 16:56:08:568"}
{"level":"\u001b[32minfo\u001b[39m","message":"\u001b[32mReceived SIGINT. Graceful shutdown initiated.\u001b[39m","meta":{},"timestamp":"2025-05-23 16:56:24:5624"}
{"level":"\u001b[32minfo\u001b[39m","message":"\u001b[32mServer started successfully\u001b[39m","meta":{"environment":"production","port":3000,"timestamp":"2025-05-23T11:26:26.633Z"},"timestamp":"2025-05-23 16:56:26:5626"}
{"level":"\u001b[32minfo\u001b[39m","message":"\u001b[32mDatabase connected successfully\u001b[39m","meta":{"message":"succesfully connected to db"},"timestamp":"2025-05-23 16:56:26:5626"}
{"level":"\u001b[31merror\u001b[39m","message":"\u001b[31mFailed to send email\u001b[39m","meta":{"error":"getaddrinfo ENOTFOUND smtp.gmail.email","subject":"Please verify your email address","to":"codesharad@gmail.com"},"timestamp":"2025-05-23 16:57:09:579"}
{"level":"\u001b[31merror\u001b[39m","message":"\u001b[31mRegistration failed\u001b[39m","meta":{"email":"codesharad@gmail.com","error":"Email could not be sent","ip":"::1"},"timestamp":"2025-05-23 16:57:09:579"}
{"level":"\u001b[31merror\u001b[39m","message":"\u001b[31mFailed to send email\u001b[39m","meta":{"error":"getaddrinfo ENOTFOUND smtp.gmail.email","subject":"Please verify your email address","to":"codesharad@gmail.com"},"timestamp":"2025-05-23 16:58:15:5815"}
{"level":"\u001b[31merror\u001b[39m","message":"\u001b[31mRegistration failed\u001b[39m","meta":{"email":"codesharad@gmail.com","error":"Email could not be sent","ip":"::1"},"timestamp":"2025-05-23 16:58:15:5815"}
{"level":"\u001b[32minfo\u001b[39m","message":"\u001b[32mReceived SIGINT. Graceful shutdown initiated.\u001b[39m","meta":{},"timestamp":"2025-05-23 16:58:30:5830"}
{"level":"\u001b[32minfo\u001b[39m","message":"\u001b[32mServer started successfully\u001b[39m","meta":{"environment":"production","port":3000,"timestamp":"2025-05-23T11:28:32.361Z"},"timestamp":"2025-05-23 16:58:32:5832"}
{"level":"\u001b[32minfo\u001b[39m","message":"\u001b[32mDatabase connected successfully\u001b[39m","meta":{"message":"succesfully connected to db"},"timestamp":"2025-05-23 16:58:32:5832"}
{"level":"\u001b[32minfo\u001b[39m","message":"\u001b[32mEmail sent successfully\u001b[39m","meta":{"messageId":"<cd9b264d-2b0e-a79f-e7c7-11aaa78f986b@gmail.com>","subject":"Please verify your email address","to":"codesharad@gmail.com"},"timestamp":"2025-05-23 16:58:45:5845"}
{"level":"\u001b[32minfo\u001b[39m","message":"\u001b[32mUser registration\u001b[39m","meta":{"email":"codesharad@gmail.com","ip":"::1","userAgent":"Mozilla/5.0 (Windows NT 10.0; Win64; x64) AppleWebKit/537.36 (KHTML, like Gecko) Chrome/136.0.0.0 Safari/537.36","userId":"68305be8f088a2cdf4ce806d"},"timestamp":"2025-05-23 16:58:45:5845"}
{"level":"\u001b[31merror\u001b[39m","message":"\u001b[31mEmail verification failed\u001b[39m","meta":{"error":"Token is invalid or has expired","token":"e3f62bacacf087377cffac469df9153faed23f78312b124f26d87b96dafc19a2"},"timestamp":"2025-05-23 17:03:29:329"}
{"level":"\u001b[33mwarn\u001b[39m","message":"\u001b[33mFailed login attempt\u001b[39m","meta":{"email":"codesharad@gmail.com","ip":"::1","userAgent":"Mozilla/5.0 (Windows NT 10.0; Win64; x64) AppleWebKit/537.36 (KHTML, like Gecko) Chrome/136.0.0.0 Safari/537.36"},"timestamp":"2025-05-23 17:03:41:341"}
{"level":"\u001b[31merror\u001b[39m","message":"\u001b[31mLogin failed\u001b[39m","meta":{"email":"codesharad@gmail.com","error":"Invalid email or password","ip":"::1"},"timestamp":"2025-05-23 17:03:41:341"}
{"level":"\u001b[33mwarn\u001b[39m","message":"\u001b[33mFailed login attempt\u001b[39m","meta":{"email":"codesharad@gmail.com","ip":"::1","userAgent":"Mozilla/5.0 (Windows NT 10.0; Win64; x64) AppleWebKit/537.36 (KHTML, like Gecko) Chrome/136.0.0.0 Safari/537.36"},"timestamp":"2025-05-23 17:04:09:49"}
{"level":"\u001b[31merror\u001b[39m","message":"\u001b[31mLogin failed\u001b[39m","meta":{"email":"codesharad@gmail.com","error":"Invalid email or password","ip":"::1"},"timestamp":"2025-05-23 17:04:09:49"}
{"level":"\u001b[33mwarn\u001b[39m","message":"\u001b[33mFailed login attempt\u001b[39m","meta":{"email":"codesharad@gmail.com","ip":"::1","userAgent":"Mozilla/5.0 (Windows NT 10.0; Win64; x64) AppleWebKit/537.36 (KHTML, like Gecko) Chrome/136.0.0.0 Safari/537.36"},"timestamp":"2025-05-23 17:07:21:721"}
{"level":"\u001b[31merror\u001b[39m","message":"\u001b[31mLogin failed\u001b[39m","meta":{"email":"codesharad@gmail.com","error":"Invalid email or password","ip":"::1"},"timestamp":"2025-05-23 17:07:21:721"}
{"level":"\u001b[32minfo\u001b[39m","message":"\u001b[32mServer started successfully\u001b[39m","meta":{"environment":"production","port":3000,"timestamp":"2025-05-23T11:42:01.706Z"},"timestamp":"2025-05-23 17:12:01:121"}
{"level":"\u001b[32minfo\u001b[39m","message":"\u001b[32mDatabase connected successfully\u001b[39m","meta":{"message":"succesfully connected to db"},"timestamp":"2025-05-23 17:12:01:121"}
{"level":"\u001b[32minfo\u001b[39m","message":"\u001b[32mServer started successfully\u001b[39m","meta":{"environment":"production","port":3000,"timestamp":"2025-05-23T11:42:06.961Z"},"timestamp":"2025-05-23 17:12:06:126"}
{"level":"\u001b[32minfo\u001b[39m","message":"\u001b[32mDatabase connected successfully\u001b[39m","meta":{"message":"succesfully connected to db"},"timestamp":"2025-05-23 17:12:06:126"}
{"level":"\u001b[33mwarn\u001b[39m","message":"\u001b[33mFailed login attempt\u001b[39m","meta":{"email":"codesharad@gmail.com","ip":"::1","userAgent":"Mozilla/5.0 (Windows NT 10.0; Win64; x64) AppleWebKit/537.36 (KHTML, like Gecko) Chrome/136.0.0.0 Safari/537.36"},"timestamp":"2025-05-23 17:12:22:1222"}
{"level":"\u001b[31merror\u001b[39m","message":"\u001b[31mLogin failed\u001b[39m","meta":{"email":"codesharad@gmail.com","error":"Invalid email or password","ip":"::1"},"timestamp":"2025-05-23 17:12:22:1222"}
{"level":"\u001b[32minfo\u001b[39m","message":"\u001b[32mServer started successfully\u001b[39m","meta":{"environment":"production","port":3000,"timestamp":"2025-05-23T11:43:18.369Z"},"timestamp":"2025-05-23 17:13:18:1318"}
{"level":"\u001b[32minfo\u001b[39m","message":"\u001b[32mDatabase connected successfully\u001b[39m","meta":{"message":"succesfully connected to db"},"timestamp":"2025-05-23 17:13:18:1318"}
{"level":"\u001b[32minfo\u001b[39m","message":"\u001b[32mServer started successfully\u001b[39m","meta":{"environment":"production","port":3000,"timestamp":"2025-05-23T11:43:23.420Z"},"timestamp":"2025-05-23 17:13:23:1323"}
{"level":"\u001b[32minfo\u001b[39m","message":"\u001b[32mDatabase connected successfully\u001b[39m","meta":{"message":"succesfully connected to db"},"timestamp":"2025-05-23 17:13:23:1323"}
{"level":"\u001b[32minfo\u001b[39m","message":"\u001b[32mServer started successfully\u001b[39m","meta":{"environment":"production","port":3000,"timestamp":"2025-05-23T11:43:26.003Z"},"timestamp":"2025-05-23 17:13:26:1326"}
{"level":"\u001b[32minfo\u001b[39m","message":"\u001b[32mDatabase connected successfully\u001b[39m","meta":{"message":"succesfully connected to db"},"timestamp":"2025-05-23 17:13:26:1326"}
{"level":"\u001b[32minfo\u001b[39m","message":"\u001b[32mServer started successfully\u001b[39m","meta":{"environment":"production","port":3000,"timestamp":"2025-05-23T11:44:54.167Z"},"timestamp":"2025-05-23 17:14:54:1454"}
{"level":"\u001b[32minfo\u001b[39m","message":"\u001b[32mDatabase connected successfully\u001b[39m","meta":{"message":"succesfully connected to db"},"timestamp":"2025-05-23 17:14:54:1454"}
{"level":"\u001b[33mwarn\u001b[39m","message":"\u001b[33mFailed login attempt\u001b[39m","meta":{"email":"codesharad@gmail.com","ip":"::1","userAgent":"Mozilla/5.0 (Windows NT 10.0; Win64; x64) AppleWebKit/537.36 (KHTML, like Gecko) Chrome/136.0.0.0 Safari/537.36"},"timestamp":"2025-05-23 17:15:11:1511"}
{"level":"\u001b[31merror\u001b[39m","message":"\u001b[31mLogin failed\u001b[39m","meta":{"email":"codesharad@gmail.com","error":"Invalid email or password","ip":"::1"},"timestamp":"2025-05-23 17:15:11:1511"}
{"level":"\u001b[32minfo\u001b[39m","message":"\u001b[32mServer started successfully\u001b[39m","meta":{"environment":"production","port":3000,"timestamp":"2025-05-23T11:45:41.548Z"},"timestamp":"2025-05-23 17:15:41:1541"}
{"level":"\u001b[32minfo\u001b[39m","message":"\u001b[32mDatabase connected successfully\u001b[39m","meta":{"message":"succesfully connected to db"},"timestamp":"2025-05-23 17:15:41:1541"}
{"level":"\u001b[31merror\u001b[39m","message":"\u001b[31mLogin failed\u001b[39m","meta":{"email":"codesharad@gmail.com","error":"Account temporarily locked due to too many failed login attempts","ip":"::1"},"timestamp":"2025-05-23 17:15:49:1549"}
{"level":"\u001b[31merror\u001b[39m","message":"\u001b[31mLogin failed\u001b[39m","meta":{"email":"codesharad@gmail.com","error":"Account temporarily locked due to too many failed login attempts","ip":"::1"},"timestamp":"2025-05-23 17:16:15:1615"}
{"level":"\u001b[32minfo\u001b[39m","message":"\u001b[32mServer started successfully\u001b[39m","meta":{"environment":"production","port":3000,"timestamp":"2025-05-23T11:48:08.098Z"},"timestamp":"2025-05-23 17:18:08:188"}
{"level":"\u001b[32minfo\u001b[39m","message":"\u001b[32mDatabase connected successfully\u001b[39m","meta":{"message":"succesfully connected to db"},"timestamp":"2025-05-23 17:18:08:188"}
{"level":"\u001b[32minfo\u001b[39m","message":"\u001b[32mServer started successfully\u001b[39m","meta":{"environment":"production","port":3000,"timestamp":"2025-05-23T11:48:49.535Z"},"timestamp":"2025-05-23 17:18:49:1849"}
{"level":"\u001b[32minfo\u001b[39m","message":"\u001b[32mDatabase connected successfully\u001b[39m","meta":{"message":"succesfully connected to db"},"timestamp":"2025-05-23 17:18:49:1849"}
{"level":"\u001b[32minfo\u001b[39m","message":"\u001b[32mServer started successfully\u001b[39m","meta":{"environment":"production","port":3000,"timestamp":"2025-05-23T11:48:53.567Z"},"timestamp":"2025-05-23 17:18:53:1853"}
{"level":"\u001b[32minfo\u001b[39m","message":"\u001b[32mDatabase connected successfully\u001b[39m","meta":{"message":"succesfully connected to db"},"timestamp":"2025-05-23 17:18:53:1853"}
{"level":"\u001b[32minfo\u001b[39m","message":"\u001b[32mServer started successfully\u001b[39m","meta":{"environment":"production","port":3000,"timestamp":"2025-05-23T11:48:55.276Z"},"timestamp":"2025-05-23 17:18:55:1855"}
{"level":"\u001b[32minfo\u001b[39m","message":"\u001b[32mDatabase connected successfully\u001b[39m","meta":{"message":"succesfully connected to db"},"timestamp":"2025-05-23 17:18:55:1855"}
{"level":"\u001b[32minfo\u001b[39m","message":"\u001b[32mServer started successfully\u001b[39m","meta":{"environment":"production","port":3000,"timestamp":"2025-05-23T11:49:00.034Z"},"timestamp":"2025-05-23 17:19:00:190"}
{"level":"\u001b[32minfo\u001b[39m","message":"\u001b[32mDatabase connected successfully\u001b[39m","meta":{"message":"succesfully connected to db"},"timestamp":"2025-05-23 17:19:00:190"}
{"level":"\u001b[31merror\u001b[39m","message":"\u001b[31mLogin failed\u001b[39m","meta":{"email":"codesharad@gmail.com","error":"Account temporarily locked due to too many failed login attempts","ip":"::1"},"timestamp":"2025-05-23 17:19:16:1916"}
{"level":"\u001b[32minfo\u001b[39m","message":"\u001b[32mServer started successfully\u001b[39m","meta":{"environment":"production","port":3000,"timestamp":"2025-05-23T11:50:47.867Z"},"timestamp":"2025-05-23 17:20:47:2047"}
{"level":"\u001b[32minfo\u001b[39m","message":"\u001b[32mDatabase connected successfully\u001b[39m","meta":{"message":"succesfully connected to db"},"timestamp":"2025-05-23 17:20:47:2047"}
{"level":"\u001b[32minfo\u001b[39m","message":"\u001b[32mServer started successfully\u001b[39m","meta":{"environment":"production","port":3000,"timestamp":"2025-05-23T11:52:50.725Z"},"timestamp":"2025-05-23 17:22:50:2250"}
{"level":"\u001b[32minfo\u001b[39m","message":"\u001b[32mDatabase connected successfully\u001b[39m","meta":{"message":"succesfully connected to db"},"timestamp":"2025-05-23 17:22:50:2250"}
{"level":"\u001b[31merror\u001b[39m","message":"\u001b[31mLogin failed\u001b[39m","meta":{"email":"codesharad@gmail.com","error":"Account temporarily locked due to too many failed login attempts","ip":"::1"},"timestamp":"2025-05-23 17:22:59:2259"}
{"level":"\u001b[32minfo\u001b[39m","message":"\u001b[32mServer started successfully\u001b[39m","meta":{"environment":"production","port":3000,"timestamp":"2025-05-23T11:53:51.573Z"},"timestamp":"2025-05-23 17:23:51:2351"}
{"level":"\u001b[32minfo\u001b[39m","message":"\u001b[32mDatabase connected successfully\u001b[39m","meta":{"message":"succesfully connected to db"},"timestamp":"2025-05-23 17:23:51:2351"}
{"level":"\u001b[33mwarn\u001b[39m","message":"\u001b[33mFailed login attempt\u001b[39m","meta":{"email":"codesharad@gmail.com","ip":"::1","userAgent":"Mozilla/5.0 (Windows NT 10.0; Win64; x64) AppleWebKit/537.36 (KHTML, like Gecko) Chrome/136.0.0.0 Safari/537.36"},"timestamp":"2025-05-23 17:24:07:247"}
{"level":"\u001b[31merror\u001b[39m","message":"\u001b[31mLogin failed\u001b[39m","meta":{"email":"codesharad@gmail.com","error":"Invalid email or password","ip":"::1"},"timestamp":"2025-05-23 17:24:07:247"}
{"level":"\u001b[33mwarn\u001b[39m","message":"\u001b[33mFailed login attempt\u001b[39m","meta":{"email":"codesharad@gmail.com","ip":"::1","userAgent":"Mozilla/5.0 (Windows NT 10.0; Win64; x64) AppleWebKit/537.36 (KHTML, like Gecko) Chrome/136.0.0.0 Safari/537.36"},"timestamp":"2025-05-23 17:25:54:2554"}
{"level":"\u001b[31merror\u001b[39m","message":"\u001b[31mLogin failed\u001b[39m","meta":{"email":"codesharad@gmail.com","error":"Invalid email or password","ip":"::1"},"timestamp":"2025-05-23 17:25:54:2554"}
{"level":"\u001b[32minfo\u001b[39m","message":"\u001b[32mServer started successfully\u001b[39m","meta":{"environment":"production","port":3000,"timestamp":"2025-05-23T11:59:56.245Z"},"timestamp":"2025-05-23 17:29:56:2956"}
{"level":"\u001b[32minfo\u001b[39m","message":"\u001b[32mDatabase connected successfully\u001b[39m","meta":{"message":"succesfully connected to db"},"timestamp":"2025-05-23 17:29:56:2956"}
{"level":"\u001b[33mwarn\u001b[39m","message":"\u001b[33mFailed login attempt\u001b[39m","meta":{"email":"codesharad@gmail.com","ip":"::1","userAgent":"Mozilla/5.0 (Windows NT 10.0; Win64; x64) AppleWebKit/537.36 (KHTML, like Gecko) Chrome/136.0.0.0 Safari/537.36"},"timestamp":"2025-05-23 17:30:30:3030"}
{"level":"\u001b[31merror\u001b[39m","message":"\u001b[31mLogin failed\u001b[39m","meta":{"email":"codesharad@gmail.com","error":"Invalid email or password","ip":"::1"},"timestamp":"2025-05-23 17:30:30:3030"}
{"level":"\u001b[32minfo\u001b[39m","message":"\u001b[32mServer started successfully\u001b[39m","meta":{"environment":"production","port":3000,"timestamp":"2025-05-23T12:01:13.693Z"},"timestamp":"2025-05-23 17:31:13:3113"}
{"level":"\u001b[32minfo\u001b[39m","message":"\u001b[32mDatabase connected successfully\u001b[39m","meta":{"message":"succesfully connected to db"},"timestamp":"2025-05-23 17:31:13:3113"}
{"level":"\u001b[32minfo\u001b[39m","message":"\u001b[32mServer started successfully\u001b[39m","meta":{"environment":"production","port":3000,"timestamp":"2025-05-23T12:01:24.182Z"},"timestamp":"2025-05-23 17:31:24:3124"}
{"level":"\u001b[32minfo\u001b[39m","message":"\u001b[32mDatabase connected successfully\u001b[39m","meta":{"message":"succesfully connected to db"},"timestamp":"2025-05-23 17:31:24:3124"}
{"level":"\u001b[32minfo\u001b[39m","message":"\u001b[32mServer started successfully\u001b[39m","meta":{"environment":"production","port":3000,"timestamp":"2025-05-23T12:01:25.508Z"},"timestamp":"2025-05-23 17:31:25:3125"}
{"level":"\u001b[32minfo\u001b[39m","message":"\u001b[32mDatabase connected successfully\u001b[39m","meta":{"message":"succesfully connected to db"},"timestamp":"2025-05-23 17:31:25:3125"}
{"level":"\u001b[32minfo\u001b[39m","message":"\u001b[32mServer started successfully\u001b[39m","meta":{"environment":"production","port":3000,"timestamp":"2025-05-23T12:01:27.325Z"},"timestamp":"2025-05-23 17:31:27:3127"}
{"level":"\u001b[32minfo\u001b[39m","message":"\u001b[32mDatabase connected successfully\u001b[39m","meta":{"message":"succesfully connected to db"},"timestamp":"2025-05-23 17:31:27:3127"}
{"level":"\u001b[32minfo\u001b[39m","message":"\u001b[32mSuccessful login\u001b[39m","meta":{"email":"codesharad@gmail.com","ip":"::1","userAgent":"Mozilla/5.0 (Windows NT 10.0; Win64; x64) AppleWebKit/537.36 (KHTML, like Gecko) Chrome/136.0.0.0 Safari/537.36","userId":"68305be8f088a2cdf4ce806d"},"timestamp":"2025-05-23 17:31:39:3139"}
{"level":"\u001b[32minfo\u001b[39m","message":"\u001b[32mServer started successfully\u001b[39m","meta":{"environment":"production","port":3000,"timestamp":"2025-05-23T12:02:18.241Z"},"timestamp":"2025-05-23 17:32:18:3218"}
{"level":"\u001b[32minfo\u001b[39m","message":"\u001b[32mDatabase connected successfully\u001b[39m","meta":{"message":"succesfully connected to db"},"timestamp":"2025-05-23 17:32:18:3218"}
{"level":"\u001b[32minfo\u001b[39m","message":"\u001b[32mEmail sent successfully\u001b[39m","meta":{"messageId":"<0fc55e6a-14d4-ffff-69c8-22fffc8db730@gmail.com>","subject":"Password Reset Request","to":"codesharad@gmail.com"},"timestamp":"2025-05-23 17:32:27:3227"}
{"level":"\u001b[32minfo\u001b[39m","message":"\u001b[32mPassword reset requested\u001b[39m","meta":{"email":"codesharad@gmail.com","ip":"::1","userId":"68305be8f088a2cdf4ce806d"},"timestamp":"2025-05-23 17:32:27:3227"}
{"level":"\u001b[33mwarn\u001b[39m","message":"\u001b[33mRoute not found\u001b[39m","meta":{"ip":"::1","method":"GET","url":"/reset-password/f8e3f38a6597f37688b2e3436a0d02fe4c62b029b7081ec4f680c09af3f35015","userAgent":"Mozilla/5.0 (Windows NT 10.0; Win64; x64) AppleWebKit/537.36 (KHTML, like Gecko) Chrome/136.0.0.0 Safari/537.36"},"timestamp":"2025-05-23 17:32:57:3257"}
{"level":"\u001b[33mwarn\u001b[39m","message":"\u001b[33mRoute not found\u001b[39m","meta":{"ip":"::1","method":"GET","url":"/favicon.ico","userAgent":"Mozilla/5.0 (Windows NT 10.0; Win64; x64) AppleWebKit/537.36 (KHTML, like Gecko) Chrome/136.0.0.0 Safari/537.36"},"timestamp":"2025-05-23 17:32:57:3257"}
{"level":"\u001b[32minfo\u001b[39m","message":"\u001b[32mPassword reset successful\u001b[39m","meta":{"email":"codesharad@gmail.com","ip":"::1","userId":"68305be8f088a2cdf4ce806d"},"timestamp":"2025-05-23 17:33:30:3330"}
{"level":"\u001b[32minfo\u001b[39m","message":"\u001b[32mSuccessful login\u001b[39m","meta":{"email":"codesharad@gmail.com","ip":"::1","userAgent":"Mozilla/5.0 (Windows NT 10.0; Win64; x64) AppleWebKit/537.36 (KHTML, like Gecko) Chrome/136.0.0.0 Safari/537.36","userId":"68305be8f088a2cdf4ce806d"},"timestamp":"2025-05-23 17:33:39:3339"}
{"level":"\u001b[32minfo\u001b[39m","message":"\u001b[32mServer started successfully\u001b[39m","meta":{"environment":"production","port":3000,"timestamp":"2025-05-23T12:05:32.008Z"},"timestamp":"2025-05-23 17:35:32:3532"}
{"level":"\u001b[32minfo\u001b[39m","message":"\u001b[32mDatabase connected successfully\u001b[39m","meta":{"message":"succesfully connected to db"},"timestamp":"2025-05-23 17:35:32:3532"}
{"level":"\u001b[32minfo\u001b[39m","message":"\u001b[32mServer started successfully\u001b[39m","meta":{"environment":"production","port":3000,"timestamp":"2025-05-23T12:05:33.435Z"},"timestamp":"2025-05-23 17:35:33:3533"}
{"level":"\u001b[32minfo\u001b[39m","message":"\u001b[32mDatabase connected successfully\u001b[39m","meta":{"message":"succesfully connected to db"},"timestamp":"2025-05-23 17:35:33:3533"}
{"level":"\u001b[32minfo\u001b[39m","message":"\u001b[32mServer started successfully\u001b[39m","meta":{"environment":"production","port":3000,"timestamp":"2025-05-23T12:05:34.433Z"},"timestamp":"2025-05-23 17:35:34:3534"}
{"level":"\u001b[32minfo\u001b[39m","message":"\u001b[32mDatabase connected successfully\u001b[39m","meta":{"message":"succesfully connected to db"},"timestamp":"2025-05-23 17:35:34:3534"}
{"level":"\u001b[32minfo\u001b[39m","message":"\u001b[32mServer started successfully\u001b[39m","meta":{"environment":"production","port":3000,"timestamp":"2025-05-23T12:05:36.802Z"},"timestamp":"2025-05-23 17:35:36:3536"}
{"level":"\u001b[32minfo\u001b[39m","message":"\u001b[32mDatabase connected successfully\u001b[39m","meta":{"message":"succesfully connected to db"},"timestamp":"2025-05-23 17:35:36:3536"}
{"level":"\u001b[31merror\u001b[39m","message":"\u001b[31mAuthentication failed\u001b[39m","meta":{"error":"jwt expired","ip":"::1","path":"/profile","userAgent":"Mozilla/5.0 (Windows NT 10.0; Win64; x64) AppleWebKit/537.36 (KHTML, like Gecko) Chrome/136.0.0.0 Safari/537.36"},"timestamp":"2025-05-23 17:35:56:3556"}
{"level":"\u001b[31merror\u001b[39m","message":"\u001b[31mAuthentication failed\u001b[39m","meta":{"error":"jwt expired","ip":"::1","path":"/profile","userAgent":"Mozilla/5.0 (Windows NT 10.0; Win64; x64) AppleWebKit/537.36 (KHTML, like Gecko) Chrome/136.0.0.0 Safari/537.36"},"timestamp":"2025-05-23 17:35:56:3556"}
{"level":"\u001b[32minfo\u001b[39m","message":"\u001b[32mServer started successfully\u001b[39m","meta":{"environment":"production","port":3000,"timestamp":"2025-05-23T12:09:15.353Z"},"timestamp":"2025-05-23 17:39:15:3915"}
{"level":"\u001b[32minfo\u001b[39m","message":"\u001b[32mDatabase connected successfully\u001b[39m","meta":{"message":"succesfully connected to db"},"timestamp":"2025-05-23 17:39:15:3915"}
{"level":"\u001b[32minfo\u001b[39m","message":"\u001b[32mServer started successfully\u001b[39m","meta":{"environment":"production","port":3000,"timestamp":"2025-05-23T12:09:52.828Z"},"timestamp":"2025-05-23 17:39:52:3952"}
{"level":"\u001b[32minfo\u001b[39m","message":"\u001b[32mDatabase connected successfully\u001b[39m","meta":{"message":"succesfully connected to db"},"timestamp":"2025-05-23 17:39:52:3952"}
{"level":"\u001b[32minfo\u001b[39m","message":"\u001b[32mServer started successfully\u001b[39m","meta":{"environment":"production","port":3000,"timestamp":"2025-05-23T12:10:17.183Z"},"timestamp":"2025-05-23 17:40:17:4017"}
{"level":"\u001b[32minfo\u001b[39m","message":"\u001b[32mDatabase connected successfully\u001b[39m","meta":{"message":"succesfully connected to db"},"timestamp":"2025-05-23 17:40:17:4017"}
{"level":"\u001b[32minfo\u001b[39m","message":"\u001b[32mServer started successfully\u001b[39m","meta":{"environment":"production","port":3000,"timestamp":"2025-05-23T12:10:39.608Z"},"timestamp":"2025-05-23 17:40:39:4039"}
{"level":"\u001b[32minfo\u001b[39m","message":"\u001b[32mDatabase connected successfully\u001b[39m","meta":{"message":"succesfully connected to db"},"timestamp":"2025-05-23 17:40:39:4039"}
{"level":"\u001b[32minfo\u001b[39m","message":"\u001b[32mServer started successfully\u001b[39m","meta":{"environment":"production","port":3000,"timestamp":"2025-05-23T12:10:40.653Z"},"timestamp":"2025-05-23 17:40:40:4040"}
{"level":"\u001b[32minfo\u001b[39m","message":"\u001b[32mDatabase connected successfully\u001b[39m","meta":{"message":"succesfully connected to db"},"timestamp":"2025-05-23 17:40:40:4040"}
{"level":"\u001b[32minfo\u001b[39m","message":"\u001b[32mServer started successfully\u001b[39m","meta":{"environment":"production","port":3000,"timestamp":"2025-05-23T12:10:50.254Z"},"timestamp":"2025-05-23 17:40:50:4050"}
{"level":"\u001b[32minfo\u001b[39m","message":"\u001b[32mDatabase connected successfully\u001b[39m","meta":{"message":"succesfully connected to db"},"timestamp":"2025-05-23 17:40:50:4050"}
{"level":"\u001b[32minfo\u001b[39m","message":"\u001b[32mServer started successfully\u001b[39m","meta":{"environment":"production","port":3000,"timestamp":"2025-05-23T12:11:16.620Z"},"timestamp":"2025-05-23 17:41:16:4116"}
{"level":"\u001b[32minfo\u001b[39m","message":"\u001b[32mDatabase connected successfully\u001b[39m","meta":{"message":"succesfully connected to db"},"timestamp":"2025-05-23 17:41:16:4116"}
{"level":"\u001b[32minfo\u001b[39m","message":"\u001b[32mServer started successfully\u001b[39m","meta":{"environment":"production","port":3000,"timestamp":"2025-05-23T12:11:27.980Z"},"timestamp":"2025-05-23 17:41:27:4127"}
{"level":"\u001b[32minfo\u001b[39m","message":"\u001b[32mDatabase connected successfully\u001b[39m","meta":{"message":"succesfully connected to db"},"timestamp":"2025-05-23 17:41:27:4127"}
{"level":"\u001b[32minfo\u001b[39m","message":"\u001b[32mServer started successfully\u001b[39m","meta":{"environment":"production","port":3000,"timestamp":"2025-05-23T12:11:28.913Z"},"timestamp":"2025-05-23 17:41:28:4128"}
{"level":"\u001b[32minfo\u001b[39m","message":"\u001b[32mDatabase connected successfully\u001b[39m","meta":{"message":"succesfully connected to db"},"timestamp":"2025-05-23 17:41:28:4128"}
{"level":"\u001b[32minfo\u001b[39m","message":"\u001b[32mServer started successfully\u001b[39m","meta":{"environment":"production","port":3000,"timestamp":"2025-05-23T12:11:44.934Z"},"timestamp":"2025-05-23 17:41:44:4144"}
{"level":"\u001b[32minfo\u001b[39m","message":"\u001b[32mDatabase connected successfully\u001b[39m","meta":{"message":"succesfully connected to db"},"timestamp":"2025-05-23 17:41:44:4144"}
{"level":"\u001b[32minfo\u001b[39m","message":"\u001b[32mServer started successfully\u001b[39m","meta":{"environment":"production","port":3000,"timestamp":"2025-05-23T12:11:59.903Z"},"timestamp":"2025-05-23 17:41:59:4159"}
{"level":"\u001b[32minfo\u001b[39m","message":"\u001b[32mDatabase connected successfully\u001b[39m","meta":{"message":"succesfully connected to db"},"timestamp":"2025-05-23 17:41:59:4159"}
{"level":"\u001b[32minfo\u001b[39m","message":"\u001b[32mReceived SIGINT. Graceful shutdown initiated.\u001b[39m","meta":{},"timestamp":"2025-05-23 17:42:52:4252"}
{"level":"\u001b[32minfo\u001b[39m","message":"\u001b[32mServer started successfully\u001b[39m","meta":{"environment":"production","port":3000,"timestamp":"2025-05-23T12:15:47.599Z"},"timestamp":"2025-05-23 17:45:47:4547"}
{"level":"\u001b[32minfo\u001b[39m","message":"\u001b[32mDatabase connected successfully\u001b[39m","meta":{"message":"succesfully connected to db"},"timestamp":"2025-05-23 17:45:47:4547"}
{"level":"\u001b[31merror\u001b[39m","message":"\u001b[31mAuthentication failed\u001b[39m","meta":{"error":"jwt expired","ip":"::1","path":"/","userAgent":"Mozilla/5.0 (Windows NT 10.0; Win64; x64) AppleWebKit/537.36 (KHTML, like Gecko) Chrome/136.0.0.0 Safari/537.36"},"timestamp":"2025-05-23 17:52:05:525"}
{"level":"\u001b[31merror\u001b[39m","message":"\u001b[31mAuthentication failed\u001b[39m","meta":{"error":"jwt expired","ip":"::1","path":"/","userAgent":"Mozilla/5.0 (Windows NT 10.0; Win64; x64) AppleWebKit/537.36 (KHTML, like Gecko) Chrome/136.0.0.0 Safari/537.36"},"timestamp":"2025-05-23 17:53:34:5334"}
{"level":"\u001b[31merror\u001b[39m","message":"\u001b[31mAuthentication failed\u001b[39m","meta":{"error":"jwt expired","ip":"::1","path":"/","userAgent":"Mozilla/5.0 (Windows NT 10.0; Win64; x64) AppleWebKit/537.36 (KHTML, like Gecko) Chrome/136.0.0.0 Safari/537.36"},"timestamp":"2025-05-23 17:53:34:5334"}
{"level":"\u001b[31merror\u001b[39m","message":"\u001b[31mAuthentication failed\u001b[39m","meta":{"error":"jwt expired","ip":"::1","path":"/","userAgent":"Mozilla/5.0 (Windows NT 10.0; Win64; x64) AppleWebKit/537.36 (KHTML, like Gecko) Chrome/136.0.0.0 Safari/537.36"},"timestamp":"2025-05-23 17:53:34:5334"}
{"level":"\u001b[31merror\u001b[39m","message":"\u001b[31mAuthentication failed\u001b[39m","meta":{"error":"jwt expired","ip":"::1","path":"/","userAgent":"Mozilla/5.0 (Windows NT 10.0; Win64; x64) AppleWebKit/537.36 (KHTML, like Gecko) Chrome/136.0.0.0 Safari/537.36"},"timestamp":"2025-05-23 17:53:34:5334"}
{"level":"\u001b[32minfo\u001b[39m","message":"\u001b[32mSuccessful login\u001b[39m","meta":{"email":"codesharad@gmail.com","ip":"::1","userId":"68305be8f088a2cdf4ce806d"},"timestamp":"2025-05-23 17:58:21:5821"}
{"level":"\u001b[32minfo\u001b[39m","message":"\u001b[32mSuccessful login\u001b[39m","meta":{"email":"admin@gmail.com","ip":"::1","userId":"681f415d3b428c8771e7ca6b"},"timestamp":"2025-05-23 18:05:27:527"}
{"level":"\u001b[33mwarn\u001b[39m","message":"\u001b[33mFailed login attempt\u001b[39m","meta":{"email":"admin@gmail.com","ip":"::1","userAgent":"Mozilla/5.0 (Windows NT 10.0; Win64; x64) AppleWebKit/537.36 (KHTML, like Gecko) Chrome/136.0.0.0 Safari/537.36"},"timestamp":"2025-05-23 18:12:04:124"}
{"level":"\u001b[31merror\u001b[39m","message":"\u001b[31mLogin failed\u001b[39m","meta":{"email":"admin@gmail.com","error":"Invalid email or password","ip":"::1"},"timestamp":"2025-05-23 18:12:04:124"}
{"level":"\u001b[32minfo\u001b[39m","message":"\u001b[32mSuccessful login\u001b[39m","meta":{"email":"admin@gmail.com","ip":"::1","userId":"681f415d3b428c8771e7ca6b"},"timestamp":"2025-05-23 18:12:20:1220"}
{"level":"\u001b[32minfo\u001b[39m","message":"\u001b[32mSuccessful login\u001b[39m","meta":{"email":"user@gmail.com","ip":"::1","userId":"681f415d3b428c8771e7ca6c"},"timestamp":"2025-05-23 18:32:04:324"}
{"level":"\u001b[32minfo\u001b[39m","message":"\u001b[32mSuccessful login\u001b[39m","meta":{"email":"admin@gmail.com","ip":"::1","userId":"681f415d3b428c8771e7ca6b"},"timestamp":"2025-05-23 18:32:20:3220"}
{"level":"\u001b[32minfo\u001b[39m","message":"\u001b[32mSuccessful login\u001b[39m","meta":{"email":"user@gmail.com","ip":"::1","userId":"681f415d3b428c8771e7ca6c"},"timestamp":"2025-05-23 18:37:52:3752"}
{"level":"\u001b[32minfo\u001b[39m","message":"\u001b[32mUser logged out successfully\u001b[39m","meta":{"email":"user@gmail.com","ip":"::1","userId":"681f415d3b428c8771e7ca6c"},"timestamp":"2025-05-23 18:38:01:381"}
{"level":"\u001b[32minfo\u001b[39m","message":"\u001b[32mSuccessful login\u001b[39m","meta":{"email":"user@gmail.com","ip":"::1","userId":"681f415d3b428c8771e7ca6c"},"timestamp":"2025-05-23 18:38:42:3842"}
{"level":"\u001b[32minfo\u001b[39m","message":"\u001b[32mServer started successfully\u001b[39m","meta":{"environment":"production","port":3000,"timestamp":"2025-05-23T13:09:33.764Z"},"timestamp":"2025-05-23 18:39:33:3933"}
{"level":"\u001b[32minfo\u001b[39m","message":"\u001b[32mDatabase connected successfully\u001b[39m","meta":{"message":"succesfully connected to db"},"timestamp":"2025-05-23 18:39:33:3933"}
{"level":"\u001b[32minfo\u001b[39m","message":"\u001b[32mServer started successfully\u001b[39m","meta":{"environment":"production","port":3000,"timestamp":"2025-05-23T13:09:42.394Z"},"timestamp":"2025-05-23 18:39:42:3942"}
{"level":"\u001b[32minfo\u001b[39m","message":"\u001b[32mDatabase connected successfully\u001b[39m","meta":{"message":"succesfully connected to db"},"timestamp":"2025-05-23 18:39:42:3942"}
{"level":"\u001b[32minfo\u001b[39m","message":"\u001b[32mServer started successfully\u001b[39m","meta":{"environment":"production","port":3000,"timestamp":"2025-05-23T13:09:43.072Z"},"timestamp":"2025-05-23 18:39:43:3943"}
{"level":"\u001b[32minfo\u001b[39m","message":"\u001b[32mDatabase connected successfully\u001b[39m","meta":{"message":"succesfully connected to db"},"timestamp":"2025-05-23 18:39:43:3943"}
{"level":"\u001b[32minfo\u001b[39m","message":"\u001b[32mServer started successfully\u001b[39m","meta":{"environment":"production","port":3000,"timestamp":"2025-05-23T13:09:48.971Z"},"timestamp":"2025-05-23 18:39:48:3948"}
{"level":"\u001b[32minfo\u001b[39m","message":"\u001b[32mDatabase connected successfully\u001b[39m","meta":{"message":"succesfully connected to db"},"timestamp":"2025-05-23 18:39:48:3948"}
{"level":"\u001b[32minfo\u001b[39m","message":"\u001b[32mServer started successfully\u001b[39m","meta":{"environment":"production","port":3000,"timestamp":"2025-05-23T13:10:45.646Z"},"timestamp":"2025-05-23 18:40:45:4045"}
{"level":"\u001b[32minfo\u001b[39m","message":"\u001b[32mDatabase connected successfully\u001b[39m","meta":{"message":"succesfully connected to db"},"timestamp":"2025-05-23 18:40:45:4045"}
{"level":"\u001b[32minfo\u001b[39m","message":"\u001b[32mServer started successfully\u001b[39m","meta":{"environment":"production","port":3000,"timestamp":"2025-05-23T13:10:49.207Z"},"timestamp":"2025-05-23 18:40:49:4049"}
{"level":"\u001b[32minfo\u001b[39m","message":"\u001b[32mDatabase connected successfully\u001b[39m","meta":{"message":"succesfully connected to db"},"timestamp":"2025-05-23 18:40:49:4049"}
{"level":"\u001b[31merror\u001b[39m","message":"\u001b[31mLogout failed\u001b[39m","meta":{"error":"Cannot read properties of undefined (reading 'refreshToken')"},"timestamp":"2025-05-23 18:40:59:4059"}
{"level":"\u001b[32minfo\u001b[39m","message":"\u001b[32mServer started successfully\u001b[39m","meta":{"environment":"production","port":3000,"timestamp":"2025-05-23T13:11:17.488Z"},"timestamp":"2025-05-23 18:41:17:4117"}
{"level":"\u001b[32minfo\u001b[39m","message":"\u001b[32mDatabase connected successfully\u001b[39m","meta":{"message":"succesfully connected to db"},"timestamp":"2025-05-23 18:41:17:4117"}
{"level":"\u001b[32minfo\u001b[39m","message":"\u001b[32mServer started successfully\u001b[39m","meta":{"environment":"production","port":3000,"timestamp":"2025-05-23T13:11:39.352Z"},"timestamp":"2025-05-23 18:41:39:4139"}
{"level":"\u001b[32minfo\u001b[39m","message":"\u001b[32mDatabase connected successfully\u001b[39m","meta":{"message":"succesfully connected to db"},"timestamp":"2025-05-23 18:41:39:4139"}
{"level":"\u001b[32minfo\u001b[39m","message":"\u001b[32mServer started successfully\u001b[39m","meta":{"environment":"production","port":3000,"timestamp":"2025-05-23T13:11:39.693Z"},"timestamp":"2025-05-23 18:41:39:4139"}
{"level":"\u001b[32minfo\u001b[39m","message":"\u001b[32mDatabase connected successfully\u001b[39m","meta":{"message":"succesfully connected to db"},"timestamp":"2025-05-23 18:41:39:4139"}
{"level":"\u001b[32minfo\u001b[39m","message":"\u001b[32mServer started successfully\u001b[39m","meta":{"environment":"production","port":3000,"timestamp":"2025-05-23T13:11:47.148Z"},"timestamp":"2025-05-23 18:41:47:4147"}
{"level":"\u001b[32minfo\u001b[39m","message":"\u001b[32mDatabase connected successfully\u001b[39m","meta":{"message":"succesfully connected to db"},"timestamp":"2025-05-23 18:41:47:4147"}
{"level":"\u001b[32minfo\u001b[39m","message":"\u001b[32mServer started successfully\u001b[39m","meta":{"environment":"production","port":3000,"timestamp":"2025-05-23T13:12:41.068Z"},"timestamp":"2025-05-23 18:42:41:4241"}
{"level":"\u001b[32minfo\u001b[39m","message":"\u001b[32mDatabase connected successfully\u001b[39m","meta":{"message":"succesfully connected to db"},"timestamp":"2025-05-23 18:42:41:4241"}
{"level":"\u001b[32minfo\u001b[39m","message":"\u001b[32mReceived SIGINT. Graceful shutdown initiated.\u001b[39m","meta":{},"timestamp":"2025-05-23 18:42:44:4244"}
{"level":"\u001b[32minfo\u001b[39m","message":"\u001b[32mServer started successfully\u001b[39m","meta":{"environment":"production","port":3000,"timestamp":"2025-05-23T13:12:51.973Z"},"timestamp":"2025-05-23 18:42:51:4251"}
{"level":"\u001b[32minfo\u001b[39m","message":"\u001b[32mDatabase connected successfully\u001b[39m","meta":{"message":"succesfully connected to db"},"timestamp":"2025-05-23 18:42:51:4251"}
{"level":"\u001b[32minfo\u001b[39m","message":"\u001b[32mSuccessful login\u001b[39m","meta":{"email":"user@gmail.com","ip":"::1","userId":"681f415d3b428c8771e7ca6c"},"timestamp":"2025-05-23 18:42:56:4256"}
{"level":"\u001b[32minfo\u001b[39m","message":"\u001b[32mUser logged out successfully\u001b[39m","meta":{"email":"user@gmail.com","ip":"::1","userId":"681f415d3b428c8771e7ca6c"},"timestamp":"2025-05-23 18:43:40:4340"}
{"level":"\u001b[32minfo\u001b[39m","message":"\u001b[32mReceived SIGINT. Graceful shutdown initiated.\u001b[39m","meta":{},"timestamp":"2025-05-23 18:44:07:447"}
{"level":"\u001b[32minfo\u001b[39m","message":"\u001b[32mServer started successfully\u001b[39m","meta":{"environment":"production","port":3000,"timestamp":"2025-05-23T13:35:01.083Z"},"timestamp":"2025-05-23 19:05:01:51"}
{"level":"\u001b[32minfo\u001b[39m","message":"\u001b[32mDatabase connected successfully\u001b[39m","meta":{"message":"succesfully connected to db"},"timestamp":"2025-05-23 19:05:01:51"}
{"level":"\u001b[32minfo\u001b[39m","message":"\u001b[32mSuccessful login\u001b[39m","meta":{"email":"user@gmail.com","ip":"::1","userId":"681f415d3b428c8771e7ca6c"},"timestamp":"2025-05-23 19:05:13:513"}
{"level":"\u001b[32minfo\u001b[39m","message":"\u001b[32mServer started successfully\u001b[39m","meta":{"environment":"production","port":3000,"timestamp":"2025-05-23T13:36:06.617Z"},"timestamp":"2025-05-23 19:06:06:66"}
{"level":"\u001b[32minfo\u001b[39m","message":"\u001b[32mDatabase connected successfully\u001b[39m","meta":{"message":"succesfully connected to db"},"timestamp":"2025-05-23 19:06:06:66"}
{"level":"\u001b[32minfo\u001b[39m","message":"\u001b[32mServer started successfully\u001b[39m","meta":{"environment":"production","port":3000,"timestamp":"2025-05-23T13:41:35.439Z"},"timestamp":"2025-05-23 19:11:35:1135"}
{"level":"\u001b[32minfo\u001b[39m","message":"\u001b[32mDatabase connected successfully\u001b[39m","meta":{"message":"succesfully connected to db"},"timestamp":"2025-05-23 19:11:35:1135"}
{"level":"\u001b[32minfo\u001b[39m","message":"\u001b[32mServer started successfully\u001b[39m","meta":{"environment":"production","port":3000,"timestamp":"2025-05-23T13:41:37.276Z"},"timestamp":"2025-05-23 19:11:37:1137"}
{"level":"\u001b[32minfo\u001b[39m","message":"\u001b[32mDatabase connected successfully\u001b[39m","meta":{"message":"succesfully connected to db"},"timestamp":"2025-05-23 19:11:37:1137"}
{"level":"\u001b[32minfo\u001b[39m","message":"\u001b[32mServer started successfully\u001b[39m","meta":{"environment":"production","port":3000,"timestamp":"2025-05-23T13:41:38.267Z"},"timestamp":"2025-05-23 19:11:38:1138"}
{"level":"\u001b[32minfo\u001b[39m","message":"\u001b[32mDatabase connected successfully\u001b[39m","meta":{"message":"succesfully connected to db"},"timestamp":"2025-05-23 19:11:38:1138"}
{"level":"\u001b[32minfo\u001b[39m","message":"\u001b[32mServer started successfully\u001b[39m","meta":{"environment":"production","port":3000,"timestamp":"2025-05-23T13:41:40.867Z"},"timestamp":"2025-05-23 19:11:40:1140"}
{"level":"\u001b[32minfo\u001b[39m","message":"\u001b[32mDatabase connected successfully\u001b[39m","meta":{"message":"succesfully connected to db"},"timestamp":"2025-05-23 19:11:40:1140"}
{"level":"\u001b[32minfo\u001b[39m","message":"\u001b[32mUser logged out successfully\u001b[39m","meta":{"email":"user@gmail.com","ip":"::1","userId":"681f415d3b428c8771e7ca6c"},"timestamp":"2025-05-23 19:11:55:1155"}
{"level":"\u001b[32minfo\u001b[39m","message":"\u001b[32mSuccessful login\u001b[39m","meta":{"email":"admin@gmail.com","ip":"::1","userId":"681f415d3b428c8771e7ca6b"},"timestamp":"2025-05-23 19:11:59:1159"}
{"level":"\u001b[33mwarn\u001b[39m","message":"\u001b[33mRoute not found\u001b[39m","meta":{"ip":"::1","method":"POST","url":"/auth/create-user","userAgent":"Mozilla/5.0 (Windows NT 10.0; Win64; x64) AppleWebKit/537.36 (KHTML, like Gecko) Chrome/136.0.0.0 Safari/537.36"},"timestamp":"2025-05-23 19:12:51:1251"}
{"level":"\u001b[32minfo\u001b[39m","message":"\u001b[32mServer started successfully\u001b[39m","meta":{"environment":"production","port":3000,"timestamp":"2025-05-23T13:45:47.338Z"},"timestamp":"2025-05-23 19:15:47:1547"}
{"level":"\u001b[32minfo\u001b[39m","message":"\u001b[32mDatabase connected successfully\u001b[39m","meta":{"message":"succesfully connected to db"},"timestamp":"2025-05-23 19:15:47:1547"}
{"level":"\u001b[32minfo\u001b[39m","message":"\u001b[32mServer started successfully\u001b[39m","meta":{"environment":"production","port":3000,"timestamp":"2025-05-23T13:46:04.836Z"},"timestamp":"2025-05-23 19:16:04:164"}
{"level":"\u001b[32minfo\u001b[39m","message":"\u001b[32mDatabase connected successfully\u001b[39m","meta":{"message":"succesfully connected to db"},"timestamp":"2025-05-23 19:16:04:164"}
{"level":"\u001b[32minfo\u001b[39m","message":"\u001b[32mServer started successfully\u001b[39m","meta":{"environment":"production","port":3000,"timestamp":"2025-05-23T13:46:28.471Z"},"timestamp":"2025-05-23 19:16:28:1628"}
{"level":"\u001b[32minfo\u001b[39m","message":"\u001b[32mDatabase connected successfully\u001b[39m","meta":{"message":"succesfully connected to db"},"timestamp":"2025-05-23 19:16:28:1628"}
{"level":"\u001b[32minfo\u001b[39m","message":"\u001b[32mUser created by admin\u001b[39m","meta":{"adminEmail":"admin@gmail.com","adminId":"681f415d3b428c8771e7ca6b","createdUserEmail":"bhadaitsharad7@gmail.com","createdUserId":"68307ca798f57f32ecff3dca","createdUserRole":"admin","createdUserUsername":"Nikhil Bhadait","ip":"::1"},"timestamp":"2025-05-23 19:18:23:1823"}
{"level":"\u001b[32minfo\u001b[39m","message":"\u001b[32mUser logged out successfully\u001b[39m","meta":{"email":"codesharad@gmail.com","ip":"::1","userId":"68305be8f088a2cdf4ce806d"},"timestamp":"2025-05-23 19:18:34:1834"}
{"level":"\u001b[32minfo\u001b[39m","message":"\u001b[32mSuccessful login\u001b[39m","meta":{"email":"bhadaitsharad7@gmail.com","ip":"::1","userId":"68307ca798f57f32ecff3dca"},"timestamp":"2025-05-23 19:18:44:1844"}
{"level":"\u001b[32minfo\u001b[39m","message":"\u001b[32mUser created by admin\u001b[39m","meta":{"adminEmail":"admin@gmail.com","adminId":"681f415d3b428c8771e7ca6b","createdUserEmail":"bhadaitvidya@gmail.com","createdUserId":"68307ce498f57f32ecff3e57","createdUserRole":"user","createdUserUsername":"Niki","ip":"::1"},"timestamp":"2025-05-23 19:19:24:1924"}
{"level":"\u001b[32minfo\u001b[39m","message":"\u001b[32mUser logged out successfully\u001b[39m","meta":{"email":"bhadaitsharad7@gmail.com","ip":"::1","userId":"68307ca798f57f32ecff3dca"},"timestamp":"2025-05-23 19:19:44:1944"}
{"level":"\u001b[33mwarn\u001b[39m","message":"\u001b[33mFailed login attempt\u001b[39m","meta":{"email":"bhadaitvidya@gmail.com","ip":"::1","userAgent":"Mozilla/5.0 (Windows NT 10.0; Win64; x64) AppleWebKit/537.36 (KHTML, like Gecko) Chrome/136.0.0.0 Safari/537.36"},"timestamp":"2025-05-23 19:19:59:1959"}
{"level":"\u001b[31merror\u001b[39m","message":"\u001b[31mLogin failed\u001b[39m","meta":{"email":"bhadaitvidya@gmail.com","error":"Invalid email or password","ip":"::1"},"timestamp":"2025-05-23 19:19:59:1959"}
{"level":"\u001b[32minfo\u001b[39m","message":"\u001b[32mEmail sent successfully\u001b[39m","meta":{"messageId":"<31ed7c4d-1d07-859e-72ee-b927cd98d9da@gmail.com>","subject":"Password Reset Request","to":"bhadaitvidya@gmail.com"},"timestamp":"2025-05-23 19:20:21:2021"}
{"level":"\u001b[32minfo\u001b[39m","message":"\u001b[32mPassword reset token sent\u001b[39m","meta":{"email":"bhadaitvidya@gmail.com","ip":"::1","userId":"68307ce498f57f32ecff3e57"},"timestamp":"2025-05-23 19:20:21:2021"}
{"level":"\u001b[31merror\u001b[39m","message":"\u001b[31mPassword reset request failed\u001b[39m","meta":{"email":"bhadaitvidya@gmail.com","error":"Cannot read properties of undefined (reading 'status')","ip":"::1"},"timestamp":"2025-05-23 19:20:21:2021"}
{"level":"\u001b[32minfo\u001b[39m","message":"\u001b[32mEmail sent successfully\u001b[39m","meta":{"messageId":"<4c89749f-1ee3-e0fd-cbff-a64132010d61@gmail.com>","subject":"Password Reset Request","to":"bhadaitvidya@gmail.com"},"timestamp":"2025-05-23 19:20:33:2033"}
{"level":"\u001b[32minfo\u001b[39m","message":"\u001b[32mPassword reset token sent\u001b[39m","meta":{"email":"bhadaitvidya@gmail.com","ip":"::1","userId":"68307ce498f57f32ecff3e57"},"timestamp":"2025-05-23 19:20:33:2033"}
{"level":"\u001b[31merror\u001b[39m","message":"\u001b[31mPassword reset request failed\u001b[39m","meta":{"email":"bhadaitvidya@gmail.com","error":"Cannot read properties of undefined (reading 'status')","ip":"::1"},"timestamp":"2025-05-23 19:20:33:2033"}
{"level":"\u001b[32minfo\u001b[39m","message":"\u001b[32mServer started successfully\u001b[39m","meta":{"environment":"production","port":3000,"timestamp":"2025-05-23T13:55:05.675Z"},"timestamp":"2025-05-23 19:25:05:255"}
{"level":"\u001b[32minfo\u001b[39m","message":"\u001b[32mDatabase connected successfully\u001b[39m","meta":{"message":"succesfully connected to db"},"timestamp":"2025-05-23 19:25:05:255"}
{"level":"\u001b[32minfo\u001b[39m","message":"\u001b[32mServer started successfully\u001b[39m","meta":{"environment":"production","port":3000,"timestamp":"2025-05-23T13:55:08.511Z"},"timestamp":"2025-05-23 19:25:08:258"}
{"level":"\u001b[32minfo\u001b[39m","message":"\u001b[32mDatabase connected successfully\u001b[39m","meta":{"message":"succesfully connected to db"},"timestamp":"2025-05-23 19:25:08:258"}
{"level":"\u001b[32minfo\u001b[39m","message":"\u001b[32mEmail sent successfully\u001b[39m","meta":{"messageId":"<87e47e1c-5fca-724e-89c5-931e5a5db046@gmail.com>","subject":"Password Reset Request","to":"bhadaitvidya@gmail.com"},"timestamp":"2025-05-23 19:25:19:2519"}
{"level":"\u001b[32minfo\u001b[39m","message":"\u001b[32mPassword reset token sent\u001b[39m","meta":{"email":"bhadaitvidya@gmail.com","ip":"::1","userId":"68307ce498f57f32ecff3e57"},"timestamp":"2025-05-23 19:25:19:2519"}
{"level":"\u001b[32minfo\u001b[39m","message":"\u001b[32mEmail sent successfully\u001b[39m","meta":{"messageId":"<3384763e-91bf-5768-07d5-fc2da3421387@gmail.com>","subject":"Password Reset Request","to":"bhadaitsharad7@gmail.com"},"timestamp":"2025-05-23 19:25:38:2538"}
{"level":"\u001b[32minfo\u001b[39m","message":"\u001b[32mPassword reset token sent\u001b[39m","meta":{"email":"bhadaitsharad7@gmail.com","ip":"::1","userId":"68307ca798f57f32ecff3dca"},"timestamp":"2025-05-23 19:25:38:2538"}
{"level":"\u001b[32minfo\u001b[39m","message":"\u001b[32mServer started successfully\u001b[39m","meta":{"environment":"production","port":3000,"timestamp":"2025-05-23T13:56:01.987Z"},"timestamp":"2025-05-23 19:26:01:261"}
{"level":"\u001b[32minfo\u001b[39m","message":"\u001b[32mDatabase connected successfully\u001b[39m","meta":{"message":"succesfully connected to db"},"timestamp":"2025-05-23 19:26:01:261"}
{"level":"\u001b[32minfo\u001b[39m","message":"\u001b[32mServer started successfully\u001b[39m","meta":{"environment":"production","port":3000,"timestamp":"2025-05-23T13:56:24.619Z"},"timestamp":"2025-05-23 19:26:24:2624"}
{"level":"\u001b[32minfo\u001b[39m","message":"\u001b[32mDatabase connected successfully\u001b[39m","meta":{"message":"succesfully connected to db"},"timestamp":"2025-05-23 19:26:24:2624"}
{"level":"\u001b[32minfo\u001b[39m","message":"\u001b[32mServer started successfully\u001b[39m","meta":{"environment":"production","port":3000,"timestamp":"2025-05-23T13:56:26.084Z"},"timestamp":"2025-05-23 19:26:26:2626"}
{"level":"\u001b[32minfo\u001b[39m","message":"\u001b[32mDatabase connected successfully\u001b[39m","meta":{"message":"succesfully connected to db"},"timestamp":"2025-05-23 19:26:26:2626"}
{"level":"\u001b[32minfo\u001b[39m","message":"\u001b[32mServer started successfully\u001b[39m","meta":{"environment":"production","port":3000,"timestamp":"2025-05-23T13:56:27.463Z"},"timestamp":"2025-05-23 19:26:27:2627"}
{"level":"\u001b[32minfo\u001b[39m","message":"\u001b[32mDatabase connected successfully\u001b[39m","meta":{"message":"succesfully connected to db"},"timestamp":"2025-05-23 19:26:27:2627"}
{"level":"\u001b[32minfo\u001b[39m","message":"\u001b[32mPassword reset successful\u001b[39m","meta":{"email":"bhadaitsharad7@gmail.com","ip":"::1","userId":"68307ca798f57f32ecff3dca"},"timestamp":"2025-05-23 19:27:08:278"}
{"level":"\u001b[33mwarn\u001b[39m","message":"\u001b[33mFailed login attempt\u001b[39m","meta":{"email":"bhadaitsharad7@gmail.com","ip":"::1","userAgent":"Mozilla/5.0 (Windows NT 10.0; Win64; x64) AppleWebKit/537.36 (KHTML, like Gecko) Chrome/136.0.0.0 Safari/537.36"},"timestamp":"2025-05-23 19:27:28:2728"}
{"level":"\u001b[31merror\u001b[39m","message":"\u001b[31mLogin failed\u001b[39m","meta":{"email":"bhadaitsharad7@gmail.com","error":"Invalid email or password","ip":"::1"},"timestamp":"2025-05-23 19:27:28:2728"}
{"level":"\u001b[32minfo\u001b[39m","message":"\u001b[32mSuccessful login\u001b[39m","meta":{"email":"bhadaitsharad7@gmail.com","ip":"::1","userId":"68307ca798f57f32ecff3dca"},"timestamp":"2025-05-23 19:27:44:2744"}
{"level":"\u001b[32minfo\u001b[39m","message":"\u001b[32mServer started successfully\u001b[39m","meta":{"environment":"production","port":3000,"timestamp":"2025-05-23T13:58:19.182Z"},"timestamp":"2025-05-23 19:28:19:2819"}
{"level":"\u001b[32minfo\u001b[39m","message":"\u001b[32mDatabase connected successfully\u001b[39m","meta":{"message":"succesfully connected to db"},"timestamp":"2025-05-23 19:28:19:2819"}
{"level":"\u001b[33mwarn\u001b[39m","message":"\u001b[33mRoute not found\u001b[39m","meta":{"ip":"::1","method":"POST","url":"/auth/change-user-password","userAgent":"Mozilla/5.0 (Windows NT 10.0; Win64; x64) AppleWebKit/537.36 (KHTML, like Gecko) Chrome/136.0.0.0 Safari/537.36"},"timestamp":"2025-05-23 19:29:10:2910"}
{"level":"\u001b[32minfo\u001b[39m","message":"\u001b[32mServer started successfully\u001b[39m","meta":{"environment":"production","port":3000,"timestamp":"2025-05-23T14:00:48.243Z"},"timestamp":"2025-05-23 19:30:48:3048"}
{"level":"\u001b[32minfo\u001b[39m","message":"\u001b[32mDatabase connected successfully\u001b[39m","meta":{"message":"succesfully connected to db"},"timestamp":"2025-05-23 19:30:48:3048"}
{"level":"\u001b[32minfo\u001b[39m","message":"\u001b[32mServer started successfully\u001b[39m","meta":{"environment":"production","port":3000,"timestamp":"2025-05-23T14:01:16.237Z"},"timestamp":"2025-05-23 19:31:16:3116"}
{"level":"\u001b[32minfo\u001b[39m","message":"\u001b[32mDatabase connected successfully\u001b[39m","meta":{"message":"succesfully connected to db"},"timestamp":"2025-05-23 19:31:16:3116"}
{"level":"\u001b[32minfo\u001b[39m","message":"\u001b[32mServer started successfully\u001b[39m","meta":{"environment":"production","port":3000,"timestamp":"2025-05-23T14:01:24.596Z"},"timestamp":"2025-05-23 19:31:24:3124"}
{"level":"\u001b[32minfo\u001b[39m","message":"\u001b[32mDatabase connected successfully\u001b[39m","meta":{"message":"succesfully connected to db"},"timestamp":"2025-05-23 19:31:24:3124"}
{"level":"\u001b[32minfo\u001b[39m","message":"\u001b[32mServer started successfully\u001b[39m","meta":{"environment":"production","port":3000,"timestamp":"2025-05-23T14:01:37.378Z"},"timestamp":"2025-05-23 19:31:37:3137"}
{"level":"\u001b[32minfo\u001b[39m","message":"\u001b[32mDatabase connected successfully\u001b[39m","meta":{"message":"succesfully connected to db"},"timestamp":"2025-05-23 19:31:37:3137"}
{"level":"\u001b[32minfo\u001b[39m","message":"\u001b[32mServer started successfully\u001b[39m","meta":{"environment":"production","port":3000,"timestamp":"2025-05-23T14:01:52.272Z"},"timestamp":"2025-05-23 19:31:52:3152"}
{"level":"\u001b[32minfo\u001b[39m","message":"\u001b[32mDatabase connected successfully\u001b[39m","meta":{"message":"succesfully connected to db"},"timestamp":"2025-05-23 19:31:52:3152"}
{"level":"\u001b[32minfo\u001b[39m","message":"\u001b[32mServer started successfully\u001b[39m","meta":{"environment":"production","port":3000,"timestamp":"2025-05-23T14:02:03.088Z"},"timestamp":"2025-05-23 19:32:03:323"}
{"level":"\u001b[32minfo\u001b[39m","message":"\u001b[32mDatabase connected successfully\u001b[39m","meta":{"message":"succesfully connected to db"},"timestamp":"2025-05-23 19:32:03:323"}
{"level":"\u001b[32minfo\u001b[39m","message":"\u001b[32mServer started successfully\u001b[39m","meta":{"environment":"production","port":3000,"timestamp":"2025-05-23T14:02:20.905Z"},"timestamp":"2025-05-23 19:32:20:3220"}
{"level":"\u001b[32minfo\u001b[39m","message":"\u001b[32mDatabase connected successfully\u001b[39m","meta":{"message":"succesfully connected to db"},"timestamp":"2025-05-23 19:32:20:3220"}
{"level":"\u001b[32minfo\u001b[39m","message":"\u001b[32mServer started successfully\u001b[39m","meta":{"environment":"production","port":3000,"timestamp":"2025-05-23T14:02:34.159Z"},"timestamp":"2025-05-23 19:32:34:3234"}
{"level":"\u001b[32minfo\u001b[39m","message":"\u001b[32mDatabase connected successfully\u001b[39m","meta":{"message":"succesfully connected to db"},"timestamp":"2025-05-23 19:32:34:3234"}
{"level":"\u001b[32minfo\u001b[39m","message":"\u001b[32mUser password changed by admin\u001b[39m","meta":{"adminEmail":"bhadaitsharad7@gmail.com","adminId":"68307ca798f57f32ecff3dca","ip":"::1","targetUserEmail":"user@gmail.com","targetUserId":"681f415d3b428c8771e7ca6c"},"timestamp":"2025-05-23 19:33:50:3350"}
{"level":"\u001b[32minfo\u001b[39m","message":"\u001b[32mSuccessful login\u001b[39m","meta":{"email":"admin@gmail.com","ip":"::1","userId":"681f415d3b428c8771e7ca6b"},"timestamp":"2025-05-23 19:35:12:3512"}
{"level":"\u001b[32minfo\u001b[39m","message":"\u001b[32mSuccessful login\u001b[39m","meta":{"email":"admin@gmail.com","ip":"::1","userId":"681f415d3b428c8771e7ca6b"},"timestamp":"2025-05-23 19:35:51:3551"}
{"level":"\u001b[32minfo\u001b[39m","message":"\u001b[32mUser logged out successfully\u001b[39m","meta":{"email":"admin@gmail.com","ip":"::1","userId":"681f415d3b428c8771e7ca6b"},"timestamp":"2025-05-23 19:36:00:360"}
{"level":"\u001b[32minfo\u001b[39m","message":"\u001b[32mEmail sent successfully\u001b[39m","meta":{"messageId":"<2de6cbc4-3cb5-190e-9e9b-e917bf9c50af@gmail.com>","subject":"Password Reset Request","to":"bhadaitsharad7@gmail.com"},"timestamp":"2025-05-23 19:36:09:369"}
{"level":"\u001b[32minfo\u001b[39m","message":"\u001b[32mPassword reset token sent\u001b[39m","meta":{"email":"bhadaitsharad7@gmail.com","ip":"::1","userId":"68307ca798f57f32ecff3dca"},"timestamp":"2025-05-23 19:36:09:369"}
{"level":"\u001b[32minfo\u001b[39m","message":"\u001b[32mPassword reset successful\u001b[39m","meta":{"email":"bhadaitsharad7@gmail.com","ip":"::1","userId":"68307ca798f57f32ecff3dca"},"timestamp":"2025-05-23 19:36:45:3645"}
{"level":"\u001b[31merror\u001b[39m","message":"\u001b[31mPassword reset failed\u001b[39m","meta":{"error":"Token is invalid or has expired","ip":"::1"},"timestamp":"2025-05-23 19:37:21:3721"}
{"level":"\u001b[31merror\u001b[39m","message":"\u001b[31mPassword reset failed\u001b[39m","meta":{"error":"Token is invalid or has expired","ip":"::1"},"timestamp":"2025-05-23 19:37:36:3736"}
{"level":"\u001b[32minfo\u001b[39m","message":"\u001b[32mReceived SIGINT. Graceful shutdown initiated.\u001b[39m","meta":{},"timestamp":"2025-05-23 19:40:12:4012"}
{"level":"\u001b[32minfo\u001b[39m","message":"\u001b[32mServer started successfully\u001b[39m","meta":{"environment":"production","port":3000,"timestamp":"2025-05-23T14:16:24.428Z"},"timestamp":"2025-05-23 19:46:24:4624"}
{"level":"\u001b[32minfo\u001b[39m","message":"\u001b[32mDatabase connected successfully\u001b[39m","meta":{"message":"succesfully connected to db"},"timestamp":"2025-05-23 19:46:24:4624"}
{"level":"\u001b[32minfo\u001b[39m","message":"\u001b[32mUser logged out successfully\u001b[39m","meta":{"email":"admin@gmail.com","ip":"::1","userId":"681f415d3b428c8771e7ca6b"},"timestamp":"2025-05-23 19:46:28:4628"}
{"level":"\u001b[31merror\u001b[39m","message":"\u001b[31mLogin failed\u001b[39m","meta":{"email":"bhadaitsharad07@gmail.com","error":"Account is deactivated. Please contact administrator.","ip":"::1"},"timestamp":"2025-05-23 19:46:51:4651"}
{"level":"\u001b[31merror\u001b[39m","message":"\u001b[31mLogin failed\u001b[39m","meta":{"email":"bhadaitsharad07@gmail.com","error":"Account is deactivated. Please contact administrator.","ip":"::1"},"timestamp":"2025-05-23 19:47:17:4717"}
{"level":"\u001b[32minfo\u001b[39m","message":"\u001b[32mSuccessful login\u001b[39m","meta":{"email":"bhadaitsharad7@gmail.com","ip":"::1","userId":"68307ca798f57f32ecff3dca"},"timestamp":"2025-05-23 19:48:21:4821"}
{"level":"\u001b[32minfo\u001b[39m","message":"\u001b[32mUser logged out successfully\u001b[39m","meta":{"email":"bhadaitsharad7@gmail.com","ip":"::1","userId":"68307ca798f57f32ecff3dca"},"timestamp":"2025-05-23 19:48:35:4835"}
{"level":"\u001b[32minfo\u001b[39m","message":"\u001b[32mServer started successfully\u001b[39m","meta":{"environment":"production","port":3000,"timestamp":"2025-05-23T14:20:30.008Z"},"timestamp":"2025-05-23 19:50:30:5030"}
{"level":"\u001b[32minfo\u001b[39m","message":"\u001b[32mDatabase connected successfully\u001b[39m","meta":{"message":"succesfully connected to db"},"timestamp":"2025-05-23 19:50:30:5030"}
{"level":"\u001b[32minfo\u001b[39m","message":"\u001b[32mServer started successfully\u001b[39m","meta":{"environment":"production","port":3000,"timestamp":"2025-05-23T14:20:37.307Z"},"timestamp":"2025-05-23 19:50:37:5037"}
{"level":"\u001b[32minfo\u001b[39m","message":"\u001b[32mDatabase connected successfully\u001b[39m","meta":{"message":"succesfully connected to db"},"timestamp":"2025-05-23 19:50:37:5037"}
{"level":"\u001b[32minfo\u001b[39m","message":"\u001b[32mServer started successfully\u001b[39m","meta":{"environment":"production","port":3000,"timestamp":"2025-05-23T14:20:55.193Z"},"timestamp":"2025-05-23 19:50:55:5055"}
{"level":"\u001b[32minfo\u001b[39m","message":"\u001b[32mDatabase connected successfully\u001b[39m","meta":{"message":"succesfully connected to db"},"timestamp":"2025-05-23 19:50:55:5055"}
{"level":"\u001b[32minfo\u001b[39m","message":"\u001b[32mServer started successfully\u001b[39m","meta":{"environment":"production","port":3000,"timestamp":"2025-05-23T14:21:05.044Z"},"timestamp":"2025-05-23 19:51:05:515"}
{"level":"\u001b[32minfo\u001b[39m","message":"\u001b[32mDatabase connected successfully\u001b[39m","meta":{"message":"succesfully connected to db"},"timestamp":"2025-05-23 19:51:05:515"}
{"level":"\u001b[32minfo\u001b[39m","message":"\u001b[32mReceived SIGINT. Graceful shutdown initiated.\u001b[39m","meta":{},"timestamp":"2025-05-23 19:51:21:5121"}
{"level":"\u001b[32minfo\u001b[39m","message":"\u001b[32mServer started successfully\u001b[39m","meta":{"environment":"production","port":3000,"timestamp":"2025-05-23T14:53:32.052Z"},"timestamp":"2025-05-23 20:23:32:2332"}
{"level":"\u001b[32minfo\u001b[39m","message":"\u001b[32mDatabase connected successfully\u001b[39m","meta":{"message":"succesfully connected to db"},"timestamp":"2025-05-23 20:23:32:2332"}
{"level":"\u001b[32minfo\u001b[39m","message":"\u001b[32mSuccessful login\u001b[39m","meta":{"email":"admin@gmail.com","ip":"::1","userId":"681f415d3b428c8771e7ca6b"},"timestamp":"2025-05-23 20:23:42:2342"}
{"level":"\u001b[32minfo\u001b[39m","message":"\u001b[32mUser logged out successfully\u001b[39m","meta":{"email":"admin@gmail.com","ip":"::1","userId":"681f415d3b428c8771e7ca6b"},"timestamp":"2025-05-23 20:23:45:2345"}
{"level":"\u001b[33mwarn\u001b[39m","message":"\u001b[33mFailed login attempt\u001b[39m","meta":{"email":"admin@gmail.com","ip":"::1","userAgent":"Mozilla/5.0 (Windows NT 10.0; Win64; x64) AppleWebKit/537.36 (KHTML, like Gecko) Chrome/136.0.0.0 Safari/537.36"},"timestamp":"2025-05-23 20:24:08:248"}
{"level":"\u001b[31merror\u001b[39m","message":"\u001b[31mLogin failed\u001b[39m","meta":{"email":"admin@gmail.com","error":"Invalid email or password","ip":"::1"},"timestamp":"2025-05-23 20:24:08:248"}
{"level":"\u001b[33mwarn\u001b[39m","message":"\u001b[33mFailed login attempt\u001b[39m","meta":{"email":"admin@gmail.com","ip":"::1","userAgent":"Mozilla/5.0 (Windows NT 10.0; Win64; x64) AppleWebKit/537.36 (KHTML, like Gecko) Chrome/136.0.0.0 Safari/537.36"},"timestamp":"2025-05-23 20:24:26:2426"}
{"level":"\u001b[31merror\u001b[39m","message":"\u001b[31mLogin failed\u001b[39m","meta":{"email":"admin@gmail.com","error":"Invalid email or password","ip":"::1"},"timestamp":"2025-05-23 20:24:26:2426"}
{"level":"\u001b[33mwarn\u001b[39m","message":"\u001b[33mFailed login attempt\u001b[39m","meta":{"email":"admin@gmail.com","ip":"::1","userAgent":"Mozilla/5.0 (Windows NT 10.0; Win64; x64) AppleWebKit/537.36 (KHTML, like Gecko) Chrome/136.0.0.0 Safari/537.36"},"timestamp":"2025-05-23 20:24:41:2441"}
{"level":"\u001b[31merror\u001b[39m","message":"\u001b[31mLogin failed\u001b[39m","meta":{"email":"admin@gmail.com","error":"Invalid email or password","ip":"::1"},"timestamp":"2025-05-23 20:24:41:2441"}
{"level":"\u001b[32minfo\u001b[39m","message":"\u001b[32mSuccessful login\u001b[39m","meta":{"email":"admin@gmail.com","ip":"::1","userId":"681f415d3b428c8771e7ca6b"},"timestamp":"2025-05-23 20:24:53:2453"}
{"level":"\u001b[32minfo\u001b[39m","message":"\u001b[32mUser logged out successfully\u001b[39m","meta":{"email":"admin@gmail.com","ip":"::1","userId":"681f415d3b428c8771e7ca6b"},"timestamp":"2025-05-23 20:25:12:2512"}
{"level":"\u001b[32minfo\u001b[39m","message":"\u001b[32mServer started successfully\u001b[39m","meta":{"environment":"production","port":3000,"timestamp":"2025-05-23T14:55:56.136Z"},"timestamp":"2025-05-23 20:25:56:2556"}
{"level":"\u001b[32minfo\u001b[39m","message":"\u001b[32mDatabase connected successfully\u001b[39m","meta":{"message":"succesfully connected to db"},"timestamp":"2025-05-23 20:25:56:2556"}
{"level":"\u001b[32minfo\u001b[39m","message":"\u001b[32mServer started successfully\u001b[39m","meta":{"environment":"production","port":3000,"timestamp":"2025-05-23T14:56:31.167Z"},"timestamp":"2025-05-23 20:26:31:2631"}
{"level":"\u001b[32minfo\u001b[39m","message":"\u001b[32mDatabase connected successfully\u001b[39m","meta":{"message":"succesfully connected to db"},"timestamp":"2025-05-23 20:26:31:2631"}
{"level":"\u001b[32minfo\u001b[39m","message":"\u001b[32mServer started successfully\u001b[39m","meta":{"environment":"production","port":3000,"timestamp":"2025-05-23T14:56:35.874Z"},"timestamp":"2025-05-23 20:26:35:2635"}
{"level":"\u001b[32minfo\u001b[39m","message":"\u001b[32mDatabase connected successfully\u001b[39m","meta":{"message":"succesfully connected to db"},"timestamp":"2025-05-23 20:26:35:2635"}
{"level":"\u001b[32minfo\u001b[39m","message":"\u001b[32mServer started successfully\u001b[39m","meta":{"environment":"production","port":3000,"timestamp":"2025-05-23T14:56:49.137Z"},"timestamp":"2025-05-23 20:26:49:2649"}
{"level":"\u001b[32minfo\u001b[39m","message":"\u001b[32mDatabase connected successfully\u001b[39m","meta":{"message":"succesfully connected to db"},"timestamp":"2025-05-23 20:26:49:2649"}
{"level":"\u001b[32minfo\u001b[39m","message":"\u001b[32mServer started successfully\u001b[39m","meta":{"environment":"production","port":3000,"timestamp":"2025-05-23T14:56:51.097Z"},"timestamp":"2025-05-23 20:26:51:2651"}
{"level":"\u001b[32minfo\u001b[39m","message":"\u001b[32mDatabase connected successfully\u001b[39m","meta":{"message":"succesfully connected to db"},"timestamp":"2025-05-23 20:26:51:2651"}
{"level":"\u001b[32minfo\u001b[39m","message":"\u001b[32mServer started successfully\u001b[39m","meta":{"environment":"production","port":3000,"timestamp":"2025-05-23T14:57:10.160Z"},"timestamp":"2025-05-23 20:27:10:2710"}
{"level":"\u001b[32minfo\u001b[39m","message":"\u001b[32mDatabase connected successfully\u001b[39m","meta":{"message":"succesfully connected to db"},"timestamp":"2025-05-23 20:27:10:2710"}
{"level":"\u001b[32minfo\u001b[39m","message":"\u001b[32mReceived SIGINT. Graceful shutdown initiated.\u001b[39m","meta":{},"timestamp":"2025-05-23 20:27:53:2753"}
{"level":"\u001b[32minfo\u001b[39m","message":"\u001b[32mServer started successfully\u001b[39m","meta":{"environment":"production","port":3000,"timestamp":"2025-05-23T15:04:15.781Z"},"timestamp":"2025-05-23 20:34:15:3415"}
{"level":"\u001b[32minfo\u001b[39m","message":"\u001b[32mDatabase connected successfully\u001b[39m","meta":{"message":"succesfully connected to db"},"timestamp":"2025-05-23 20:34:15:3415"}
{"level":"\u001b[32minfo\u001b[39m","message":"\u001b[32mSuccessful login\u001b[39m","meta":{"email":"admin@gmail.com","ip":"::1","userId":"681f415d3b428c8771e7ca6b"},"timestamp":"2025-05-23 20:34:19:3419"}
{"level":"\u001b[31merror\u001b[39m","message":"\u001b[31mLogin failed\u001b[39m","meta":{"email":"admin@gmail.com","error":"req is not defined","ip":"::1"},"timestamp":"2025-05-23 20:34:19:3419"}
{"level":"\u001b[32minfo\u001b[39m","message":"\u001b[32mRefresh token request debug\u001b[39m","meta":{"cookies":{"refreshToken":"eyJhbGciOiJIUzI1NiIsInR5cCI6IkpXVCJ9.eyJpZCI6IjY4MWY0MTVkM2I0MjhjODc3MWU3Y2E2YiIsInR5cGUiOiJyZWZyZXNoIiwiaWF0IjoxNzQ4MDEyNjU5LCJleHAiOjE3NDg2MTc0NTl9.RW9SSpkcNWAQd8jELOZgoiCqd-nxr_Y6Nf0Lpc69_D0"},"hasRefreshToken":true,"headers":"refreshToken=eyJhbGciOiJIUzI1NiIsInR5cCI6IkpXVCJ9.eyJpZCI6IjY4MWY0MTVkM2I0MjhjODc3MWU3Y2E2YiIsInR5cGUiOiJyZWZyZXNoIiwiaWF0IjoxNzQ4MDEyNjU5LCJleHAiOjE3NDg2MTc0NTl9.RW9SSpkcNWAQd8jELOZgoiCqd-nxr_Y6Nf0Lpc69_D0","ip":"::1"},"timestamp":"2025-05-23 20:34:19:3419"}
{"level":"\u001b[31merror\u001b[39m","message":"\u001b[31mToken refresh failed\u001b[39m","meta":{"error":"Invalid or expired refresh token","ip":"::1"},"timestamp":"2025-05-23 20:34:19:3419"}
{"level":"\u001b[32minfo\u001b[39m","message":"\u001b[32mServer started successfully\u001b[39m","meta":{"environment":"production","port":3000,"timestamp":"2025-05-23T15:04:57.283Z"},"timestamp":"2025-05-23 20:34:57:3457"}
{"level":"\u001b[32minfo\u001b[39m","message":"\u001b[32mDatabase connected successfully\u001b[39m","meta":{"message":"succesfully connected to db"},"timestamp":"2025-05-23 20:34:57:3457"}
{"level":"\u001b[32minfo\u001b[39m","message":"\u001b[32mServer started successfully\u001b[39m","meta":{"environment":"production","port":3000,"timestamp":"2025-05-23T15:05:17.596Z"},"timestamp":"2025-05-23 20:35:17:3517"}
{"level":"\u001b[32minfo\u001b[39m","message":"\u001b[32mDatabase connected successfully\u001b[39m","meta":{"message":"succesfully connected to db"},"timestamp":"2025-05-23 20:35:17:3517"}
{"level":"\u001b[32minfo\u001b[39m","message":"\u001b[32mServer started successfully\u001b[39m","meta":{"environment":"production","port":3000,"timestamp":"2025-05-23T15:05:19.633Z"},"timestamp":"2025-05-23 20:35:19:3519"}
{"level":"\u001b[32minfo\u001b[39m","message":"\u001b[32mDatabase connected successfully\u001b[39m","meta":{"message":"succesfully connected to db"},"timestamp":"2025-05-23 20:35:19:3519"}
{"level":"\u001b[32minfo\u001b[39m","message":"\u001b[32mServer started successfully\u001b[39m","meta":{"environment":"production","port":3000,"timestamp":"2025-05-23T15:05:32.009Z"},"timestamp":"2025-05-23 20:35:32:3532"}
{"level":"\u001b[32minfo\u001b[39m","message":"\u001b[32mDatabase connected successfully\u001b[39m","meta":{"message":"succesfully connected to db"},"timestamp":"2025-05-23 20:35:32:3532"}
{"level":"\u001b[32minfo\u001b[39m","message":"\u001b[32mSuccessful login\u001b[39m","meta":{"email":"admin@gmail.com","ip":"::1","userId":"681f415d3b428c8771e7ca6b"},"timestamp":"2025-05-23 20:35:45:3545"}
{"level":"\u001b[32minfo\u001b[39m","message":"\u001b[32mSetting refresh token cookie\u001b[39m","meta":{"deviceInfo":"Mozilla/5.0 (Windows NT 10.0; Win64; x64) AppleWebKit/537.36 (KHTML, like Gecko) Chrome/136.0.0.0 Safari/537.36 - ::1","sameSite":"none","secure":true},"timestamp":"2025-05-23 20:35:45:3545"}
{"level":"\u001b[32minfo\u001b[39m","message":"\u001b[32mUser logged out successfully\u001b[39m","meta":{"email":"admin@gmail.com","ip":"::1","userId":"681f415d3b428c8771e7ca6b"},"timestamp":"2025-05-23 20:35:49:3549"}
{"level":"\u001b[32minfo\u001b[39m","message":"\u001b[32mSuccessful login\u001b[39m","meta":{"email":"admin@gmail.com","ip":"::1","userId":"681f415d3b428c8771e7ca6b"},"timestamp":"2025-05-23 20:35:53:3553"}
{"level":"\u001b[32minfo\u001b[39m","message":"\u001b[32mSetting refresh token cookie\u001b[39m","meta":{"deviceInfo":"Mozilla/5.0 (Windows NT 10.0; Win64; x64) AppleWebKit/537.36 (KHTML, like Gecko) Chrome/136.0.0.0 Safari/537.36 - ::1","sameSite":"none","secure":true},"timestamp":"2025-05-23 20:35:53:3553"}
{"level":"\u001b[32minfo\u001b[39m","message":"\u001b[32mUser logged out successfully\u001b[39m","meta":{"email":"admin@gmail.com","ip":"::1","userId":"681f415d3b428c8771e7ca6b"},"timestamp":"2025-05-23 20:35:59:3559"}
{"level":"\u001b[32minfo\u001b[39m","message":"\u001b[32mReceived SIGINT. Graceful shutdown initiated.\u001b[39m","meta":{},"timestamp":"2025-05-23 20:36:01:361"}
